<?xml version="1.0" encoding="UTF-8"?>
<testsuite xmlns:xsi="http://www.w3.org/2001/XMLSchema-instance" xsi:noNamespaceSchemaLocation="https://maven.apache.org/surefire/maven-surefire-plugin/xsd/surefire-test-report-3.0.xsd" version="3.0" name="com.hospital.controller.AuthControllerTest" time="5.668" tests="6" errors="0" skipped="0" failures="0">
  <properties>
    <property name="java.specification.version" value="17"/>
    <property name="sun.jnu.encoding" value="UTF-8"/>
    <property name="java.class.path" value="/home/lenovo/SPE_HeartAttack/backend/target/test-classes:/home/lenovo/SPE_HeartAttack/backend/target/classes:/home/lenovo/.m2/repository/org/python/jython-standalone/2.7.3/jython-standalone-2.7.3.jar:/home/lenovo/.m2/repository/io/springfox/springfox-boot-starter/3.0.0/springfox-boot-starter-3.0.0.jar:/home/lenovo/.m2/repository/io/springfox/springfox-oas/3.0.0/springfox-oas-3.0.0.jar:/home/lenovo/.m2/repository/io/swagger/core/v3/swagger-annotations/2.1.2/swagger-annotations-2.1.2.jar:/home/lenovo/.m2/repository/io/swagger/core/v3/swagger-models/2.1.2/swagger-models-2.1.2.jar:/home/lenovo/.m2/repository/io/springfox/springfox-spi/3.0.0/springfox-spi-3.0.0.jar:/home/lenovo/.m2/repository/io/springfox/springfox-schema/3.0.0/springfox-schema-3.0.0.jar:/home/lenovo/.m2/repository/io/springfox/springfox-core/3.0.0/springfox-core-3.0.0.jar:/home/lenovo/.m2/repository/io/springfox/springfox-spring-web/3.0.0/springfox-spring-web-3.0.0.jar:/home/lenovo/.m2/repository/io/github/classgraph/classgraph/4.8.83/classgraph-4.8.83.jar:/home/lenovo/.m2/repository/io/springfox/springfox-spring-webmvc/3.0.0/springfox-spring-webmvc-3.0.0.jar:/home/lenovo/.m2/repository/io/springfox/springfox-spring-webflux/3.0.0/springfox-spring-webflux-3.0.0.jar:/home/lenovo/.m2/repository/io/springfox/springfox-swagger-common/3.0.0/springfox-swagger-common-3.0.0.jar:/home/lenovo/.m2/repository/org/mapstruct/mapstruct/1.3.1.Final/mapstruct-1.3.1.Final.jar:/home/lenovo/.m2/repository/io/springfox/springfox-data-rest/3.0.0/springfox-data-rest-3.0.0.jar:/home/lenovo/.m2/repository/io/springfox/springfox-bean-validators/3.0.0/springfox-bean-validators-3.0.0.jar:/home/lenovo/.m2/repository/io/springfox/springfox-swagger2/3.0.0/springfox-swagger2-3.0.0.jar:/home/lenovo/.m2/repository/io/swagger/swagger-annotations/1.5.20/swagger-annotations-1.5.20.jar:/home/lenovo/.m2/repository/io/swagger/swagger-models/1.5.20/swagger-models-1.5.20.jar:/home/lenovo/.m2/repository/io/springfox/springfox-swagger-ui/3.0.0/springfox-swagger-ui-3.0.0.jar:/home/lenovo/.m2/repository/com/fasterxml/classmate/1.6.0/classmate-1.6.0.jar:/home/lenovo/.m2/repository/org/slf4j/slf4j-api/2.0.12/slf4j-api-2.0.12.jar:/home/lenovo/.m2/repository/org/springframework/plugin/spring-plugin-core/2.0.0.RELEASE/spring-plugin-core-2.0.0.RELEASE.jar:/home/lenovo/.m2/repository/org/springframework/spring-beans/6.1.4/spring-beans-6.1.4.jar:/home/lenovo/.m2/repository/org/springframework/spring-context/6.1.4/spring-context-6.1.4.jar:/home/lenovo/.m2/repository/org/springframework/plugin/spring-plugin-metadata/2.0.0.RELEASE/spring-plugin-metadata-2.0.0.RELEASE.jar:/home/lenovo/.m2/repository/org/springframework/boot/spring-boot-starter-web/3.2.3/spring-boot-starter-web-3.2.3.jar:/home/lenovo/.m2/repository/org/springframework/boot/spring-boot-starter/3.2.3/spring-boot-starter-3.2.3.jar:/home/lenovo/.m2/repository/org/springframework/boot/spring-boot/3.2.3/spring-boot-3.2.3.jar:/home/lenovo/.m2/repository/org/springframework/boot/spring-boot-autoconfigure/3.2.3/spring-boot-autoconfigure-3.2.3.jar:/home/lenovo/.m2/repository/org/springframework/boot/spring-boot-starter-logging/3.2.3/spring-boot-starter-logging-3.2.3.jar:/home/lenovo/.m2/repository/ch/qos/logback/logback-classic/1.4.14/logback-classic-1.4.14.jar:/home/lenovo/.m2/repository/ch/qos/logback/logback-core/1.4.14/logback-core-1.4.14.jar:/home/lenovo/.m2/repository/org/apache/logging/log4j/log4j-to-slf4j/2.21.1/log4j-to-slf4j-2.21.1.jar:/home/lenovo/.m2/repository/org/apache/logging/log4j/log4j-api/2.21.1/log4j-api-2.21.1.jar:/home/lenovo/.m2/repository/org/slf4j/jul-to-slf4j/2.0.12/jul-to-slf4j-2.0.12.jar:/home/lenovo/.m2/repository/jakarta/annotation/jakarta.annotation-api/2.1.1/jakarta.annotation-api-2.1.1.jar:/home/lenovo/.m2/repository/org/yaml/snakeyaml/2.2/snakeyaml-2.2.jar:/home/lenovo/.m2/repository/org/springframework/boot/spring-boot-starter-json/3.2.3/spring-boot-starter-json-3.2.3.jar:/home/lenovo/.m2/repository/com/fasterxml/jackson/datatype/jackson-datatype-jdk8/2.15.4/jackson-datatype-jdk8-2.15.4.jar:/home/lenovo/.m2/repository/com/fasterxml/jackson/datatype/jackson-datatype-jsr310/2.15.4/jackson-datatype-jsr310-2.15.4.jar:/home/lenovo/.m2/repository/com/fasterxml/jackson/module/jackson-module-parameter-names/2.15.4/jackson-module-parameter-names-2.15.4.jar:/home/lenovo/.m2/repository/org/springframework/boot/spring-boot-starter-tomcat/3.2.3/spring-boot-starter-tomcat-3.2.3.jar:/home/lenovo/.m2/repository/org/apache/tomcat/embed/tomcat-embed-core/10.1.19/tomcat-embed-core-10.1.19.jar:/home/lenovo/.m2/repository/org/apache/tomcat/embed/tomcat-embed-websocket/10.1.19/tomcat-embed-websocket-10.1.19.jar:/home/lenovo/.m2/repository/org/springframework/spring-web/6.1.4/spring-web-6.1.4.jar:/home/lenovo/.m2/repository/io/micrometer/micrometer-observation/1.12.3/micrometer-observation-1.12.3.jar:/home/lenovo/.m2/repository/io/micrometer/micrometer-commons/1.12.3/micrometer-commons-1.12.3.jar:/home/lenovo/.m2/repository/org/springframework/spring-webmvc/6.1.4/spring-webmvc-6.1.4.jar:/home/lenovo/.m2/repository/org/springframework/spring-expression/6.1.4/spring-expression-6.1.4.jar:/home/lenovo/.m2/repository/org/springframework/boot/spring-boot-starter-data-jpa/3.2.3/spring-boot-starter-data-jpa-3.2.3.jar:/home/lenovo/.m2/repository/org/springframework/boot/spring-boot-starter-aop/3.2.3/spring-boot-starter-aop-3.2.3.jar:/home/lenovo/.m2/repository/org/aspectj/aspectjweaver/1.9.21/aspectjweaver-1.9.21.jar:/home/lenovo/.m2/repository/org/springframework/boot/spring-boot-starter-jdbc/3.2.3/spring-boot-starter-jdbc-3.2.3.jar:/home/lenovo/.m2/repository/com/zaxxer/HikariCP/5.0.1/HikariCP-5.0.1.jar:/home/lenovo/.m2/repository/org/springframework/spring-jdbc/6.1.4/spring-jdbc-6.1.4.jar:/home/lenovo/.m2/repository/org/hibernate/orm/hibernate-core/6.4.4.Final/hibernate-core-6.4.4.Final.jar:/home/lenovo/.m2/repository/jakarta/persistence/jakarta.persistence-api/3.1.0/jakarta.persistence-api-3.1.0.jar:/home/lenovo/.m2/repository/jakarta/transaction/jakarta.transaction-api/2.0.1/jakarta.transaction-api-2.0.1.jar:/home/lenovo/.m2/repository/org/jboss/logging/jboss-logging/3.5.3.Final/jboss-logging-3.5.3.Final.jar:/home/lenovo/.m2/repository/org/hibernate/common/hibernate-commons-annotations/6.0.6.Final/hibernate-commons-annotations-6.0.6.Final.jar:/home/lenovo/.m2/repository/io/smallrye/jandex/3.1.2/jandex-3.1.2.jar:/home/lenovo/.m2/repository/net/bytebuddy/byte-buddy/1.14.12/byte-buddy-1.14.12.jar:/home/lenovo/.m2/repository/org/glassfish/jaxb/jaxb-runtime/4.0.4/jaxb-runtime-4.0.4.jar:/home/lenovo/.m2/repository/org/glassfish/jaxb/jaxb-core/4.0.4/jaxb-core-4.0.4.jar:/home/lenovo/.m2/repository/org/eclipse/angus/angus-activation/2.0.1/angus-activation-2.0.1.jar:/home/lenovo/.m2/repository/org/glassfish/jaxb/txw2/4.0.4/txw2-4.0.4.jar:/home/lenovo/.m2/repository/com/sun/istack/istack-commons-runtime/4.1.2/istack-commons-runtime-4.1.2.jar:/home/lenovo/.m2/repository/jakarta/inject/jakarta.inject-api/2.0.1/jakarta.inject-api-2.0.1.jar:/home/lenovo/.m2/repository/org/antlr/antlr4-runtime/4.13.0/antlr4-runtime-4.13.0.jar:/home/lenovo/.m2/repository/org/springframework/data/spring-data-jpa/3.2.3/spring-data-jpa-3.2.3.jar:/home/lenovo/.m2/repository/org/springframework/data/spring-data-commons/3.2.3/spring-data-commons-3.2.3.jar:/home/lenovo/.m2/repository/org/springframework/spring-orm/6.1.4/spring-orm-6.1.4.jar:/home/lenovo/.m2/repository/org/springframework/spring-tx/6.1.4/spring-tx-6.1.4.jar:/home/lenovo/.m2/repository/org/springframework/spring-aspects/6.1.4/spring-aspects-6.1.4.jar:/home/lenovo/.m2/repository/org/springframework/boot/spring-boot-starter-security/3.2.3/spring-boot-starter-security-3.2.3.jar:/home/lenovo/.m2/repository/org/springframework/spring-aop/6.1.4/spring-aop-6.1.4.jar:/home/lenovo/.m2/repository/org/springframework/security/spring-security-config/6.2.2/spring-security-config-6.2.2.jar:/home/lenovo/.m2/repository/org/springframework/security/spring-security-web/6.2.2/spring-security-web-6.2.2.jar:/home/lenovo/.m2/repository/org/springframework/boot/spring-boot-starter-validation/3.2.3/spring-boot-starter-validation-3.2.3.jar:/home/lenovo/.m2/repository/org/apache/tomcat/embed/tomcat-embed-el/10.1.19/tomcat-embed-el-10.1.19.jar:/home/lenovo/.m2/repository/org/hibernate/validator/hibernate-validator/8.0.1.Final/hibernate-validator-8.0.1.Final.jar:/home/lenovo/.m2/repository/jakarta/validation/jakarta.validation-api/3.0.2/jakarta.validation-api-3.0.2.jar:/home/lenovo/.m2/repository/com/mysql/mysql-connector-j/8.3.0/mysql-connector-j-8.3.0.jar:/home/lenovo/.m2/repository/io/jsonwebtoken/jjwt-api/0.11.5/jjwt-api-0.11.5.jar:/home/lenovo/.m2/repository/io/jsonwebtoken/jjwt-impl/0.11.5/jjwt-impl-0.11.5.jar:/home/lenovo/.m2/repository/io/jsonwebtoken/jjwt-jackson/0.11.5/jjwt-jackson-0.11.5.jar:/home/lenovo/.m2/repository/com/fasterxml/jackson/core/jackson-databind/2.15.4/jackson-databind-2.15.4.jar:/home/lenovo/.m2/repository/com/fasterxml/jackson/core/jackson-annotations/2.15.4/jackson-annotations-2.15.4.jar:/home/lenovo/.m2/repository/com/fasterxml/jackson/core/jackson-core/2.15.4/jackson-core-2.15.4.jar:/home/lenovo/.m2/repository/org/projectlombok/lombok/1.18.30/lombok-1.18.30.jar:/home/lenovo/.m2/repository/org/springframework/boot/spring-boot-starter-test/3.2.3/spring-boot-starter-test-3.2.3.jar:/home/lenovo/.m2/repository/org/springframework/boot/spring-boot-test/3.2.3/spring-boot-test-3.2.3.jar:/home/lenovo/.m2/repository/org/springframework/boot/spring-boot-test-autoconfigure/3.2.3/spring-boot-test-autoconfigure-3.2.3.jar:/home/lenovo/.m2/repository/com/jayway/jsonpath/json-path/2.9.0/json-path-2.9.0.jar:/home/lenovo/.m2/repository/jakarta/xml/bind/jakarta.xml.bind-api/4.0.1/jakarta.xml.bind-api-4.0.1.jar:/home/lenovo/.m2/repository/jakarta/activation/jakarta.activation-api/2.1.2/jakarta.activation-api-2.1.2.jar:/home/lenovo/.m2/repository/net/minidev/json-smart/2.5.0/json-smart-2.5.0.jar:/home/lenovo/.m2/repository/net/minidev/accessors-smart/2.5.0/accessors-smart-2.5.0.jar:/home/lenovo/.m2/repository/org/ow2/asm/asm/9.3/asm-9.3.jar:/home/lenovo/.m2/repository/org/assertj/assertj-core/3.24.2/assertj-core-3.24.2.jar:/home/lenovo/.m2/repository/org/awaitility/awaitility/4.2.0/awaitility-4.2.0.jar:/home/lenovo/.m2/repository/org/hamcrest/hamcrest/2.2/hamcrest-2.2.jar:/home/lenovo/.m2/repository/org/junit/jupiter/junit-jupiter/5.10.2/junit-jupiter-5.10.2.jar:/home/lenovo/.m2/repository/org/junit/jupiter/junit-jupiter-api/5.10.2/junit-jupiter-api-5.10.2.jar:/home/lenovo/.m2/repository/org/opentest4j/opentest4j/1.3.0/opentest4j-1.3.0.jar:/home/lenovo/.m2/repository/org/junit/platform/junit-platform-commons/1.10.2/junit-platform-commons-1.10.2.jar:/home/lenovo/.m2/repository/org/apiguardian/apiguardian-api/1.1.2/apiguardian-api-1.1.2.jar:/home/lenovo/.m2/repository/org/junit/jupiter/junit-jupiter-params/5.10.2/junit-jupiter-params-5.10.2.jar:/home/lenovo/.m2/repository/org/junit/jupiter/junit-jupiter-engine/5.10.2/junit-jupiter-engine-5.10.2.jar:/home/lenovo/.m2/repository/org/junit/platform/junit-platform-engine/1.10.2/junit-platform-engine-1.10.2.jar:/home/lenovo/.m2/repository/org/mockito/mockito-core/5.7.0/mockito-core-5.7.0.jar:/home/lenovo/.m2/repository/net/bytebuddy/byte-buddy-agent/1.14.12/byte-buddy-agent-1.14.12.jar:/home/lenovo/.m2/repository/org/objenesis/objenesis/3.3/objenesis-3.3.jar:/home/lenovo/.m2/repository/org/mockito/mockito-junit-jupiter/5.7.0/mockito-junit-jupiter-5.7.0.jar:/home/lenovo/.m2/repository/org/skyscreamer/jsonassert/1.5.1/jsonassert-1.5.1.jar:/home/lenovo/.m2/repository/com/vaadin/external/google/android-json/0.0.20131108.vaadin1/android-json-0.0.20131108.vaadin1.jar:/home/lenovo/.m2/repository/org/springframework/spring-core/6.1.4/spring-core-6.1.4.jar:/home/lenovo/.m2/repository/org/springframework/spring-jcl/6.1.4/spring-jcl-6.1.4.jar:/home/lenovo/.m2/repository/org/springframework/spring-test/6.1.4/spring-test-6.1.4.jar:/home/lenovo/.m2/repository/org/xmlunit/xmlunit-core/2.9.1/xmlunit-core-2.9.1.jar:/home/lenovo/.m2/repository/org/springframework/security/spring-security-test/6.2.2/spring-security-test-6.2.2.jar:/home/lenovo/.m2/repository/org/springframework/security/spring-security-core/6.2.2/spring-security-core-6.2.2.jar:/home/lenovo/.m2/repository/org/springframework/security/spring-security-crypto/6.2.2/spring-security-crypto-6.2.2.jar:/home/lenovo/.m2/repository/com/h2database/h2/2.2.224/h2-2.2.224.jar:"/>
    <property name="java.vm.vendor" value="Ubuntu"/>
    <property name="sun.arch.data.model" value="64"/>
    <property name="java.vendor.url" value="https://ubuntu.com/"/>
    <property name="user.timezone" value="Asia/Kolkata"/>
    <property name="org.jboss.logging.provider" value="slf4j"/>
    <property name="os.name" value="Linux"/>
    <property name="java.vm.specification.version" value="17"/>
    <property name="sun.java.launcher" value="SUN_STANDARD"/>
    <property name="user.country" value="US"/>
    <property name="sun.boot.library.path" value="/usr/lib/jvm/java-17-openjdk-amd64/lib"/>
    <property name="sun.java.command" value="/home/lenovo/SPE_HeartAttack/backend/target/surefire/surefirebooter-20250517170937704_3.jar /home/lenovo/SPE_HeartAttack/backend/target/surefire 2025-05-17T17-09-37_550-jvmRun1 surefire-20250517170937704_1tmp surefire_0-20250517170937704_2tmp"/>
    <property name="jdk.debug" value="release"/>
    <property name="test" value="AuthControllerTest"/>
    <property name="surefire.test.class.path" value="/home/lenovo/SPE_HeartAttack/backend/target/test-classes:/home/lenovo/SPE_HeartAttack/backend/target/classes:/home/lenovo/.m2/repository/org/python/jython-standalone/2.7.3/jython-standalone-2.7.3.jar:/home/lenovo/.m2/repository/io/springfox/springfox-boot-starter/3.0.0/springfox-boot-starter-3.0.0.jar:/home/lenovo/.m2/repository/io/springfox/springfox-oas/3.0.0/springfox-oas-3.0.0.jar:/home/lenovo/.m2/repository/io/swagger/core/v3/swagger-annotations/2.1.2/swagger-annotations-2.1.2.jar:/home/lenovo/.m2/repository/io/swagger/core/v3/swagger-models/2.1.2/swagger-models-2.1.2.jar:/home/lenovo/.m2/repository/io/springfox/springfox-spi/3.0.0/springfox-spi-3.0.0.jar:/home/lenovo/.m2/repository/io/springfox/springfox-schema/3.0.0/springfox-schema-3.0.0.jar:/home/lenovo/.m2/repository/io/springfox/springfox-core/3.0.0/springfox-core-3.0.0.jar:/home/lenovo/.m2/repository/io/springfox/springfox-spring-web/3.0.0/springfox-spring-web-3.0.0.jar:/home/lenovo/.m2/repository/io/github/classgraph/classgraph/4.8.83/classgraph-4.8.83.jar:/home/lenovo/.m2/repository/io/springfox/springfox-spring-webmvc/3.0.0/springfox-spring-webmvc-3.0.0.jar:/home/lenovo/.m2/repository/io/springfox/springfox-spring-webflux/3.0.0/springfox-spring-webflux-3.0.0.jar:/home/lenovo/.m2/repository/io/springfox/springfox-swagger-common/3.0.0/springfox-swagger-common-3.0.0.jar:/home/lenovo/.m2/repository/org/mapstruct/mapstruct/1.3.1.Final/mapstruct-1.3.1.Final.jar:/home/lenovo/.m2/repository/io/springfox/springfox-data-rest/3.0.0/springfox-data-rest-3.0.0.jar:/home/lenovo/.m2/repository/io/springfox/springfox-bean-validators/3.0.0/springfox-bean-validators-3.0.0.jar:/home/lenovo/.m2/repository/io/springfox/springfox-swagger2/3.0.0/springfox-swagger2-3.0.0.jar:/home/lenovo/.m2/repository/io/swagger/swagger-annotations/1.5.20/swagger-annotations-1.5.20.jar:/home/lenovo/.m2/repository/io/swagger/swagger-models/1.5.20/swagger-models-1.5.20.jar:/home/lenovo/.m2/repository/io/springfox/springfox-swagger-ui/3.0.0/springfox-swagger-ui-3.0.0.jar:/home/lenovo/.m2/repository/com/fasterxml/classmate/1.6.0/classmate-1.6.0.jar:/home/lenovo/.m2/repository/org/slf4j/slf4j-api/2.0.12/slf4j-api-2.0.12.jar:/home/lenovo/.m2/repository/org/springframework/plugin/spring-plugin-core/2.0.0.RELEASE/spring-plugin-core-2.0.0.RELEASE.jar:/home/lenovo/.m2/repository/org/springframework/spring-beans/6.1.4/spring-beans-6.1.4.jar:/home/lenovo/.m2/repository/org/springframework/spring-context/6.1.4/spring-context-6.1.4.jar:/home/lenovo/.m2/repository/org/springframework/plugin/spring-plugin-metadata/2.0.0.RELEASE/spring-plugin-metadata-2.0.0.RELEASE.jar:/home/lenovo/.m2/repository/org/springframework/boot/spring-boot-starter-web/3.2.3/spring-boot-starter-web-3.2.3.jar:/home/lenovo/.m2/repository/org/springframework/boot/spring-boot-starter/3.2.3/spring-boot-starter-3.2.3.jar:/home/lenovo/.m2/repository/org/springframework/boot/spring-boot/3.2.3/spring-boot-3.2.3.jar:/home/lenovo/.m2/repository/org/springframework/boot/spring-boot-autoconfigure/3.2.3/spring-boot-autoconfigure-3.2.3.jar:/home/lenovo/.m2/repository/org/springframework/boot/spring-boot-starter-logging/3.2.3/spring-boot-starter-logging-3.2.3.jar:/home/lenovo/.m2/repository/ch/qos/logback/logback-classic/1.4.14/logback-classic-1.4.14.jar:/home/lenovo/.m2/repository/ch/qos/logback/logback-core/1.4.14/logback-core-1.4.14.jar:/home/lenovo/.m2/repository/org/apache/logging/log4j/log4j-to-slf4j/2.21.1/log4j-to-slf4j-2.21.1.jar:/home/lenovo/.m2/repository/org/apache/logging/log4j/log4j-api/2.21.1/log4j-api-2.21.1.jar:/home/lenovo/.m2/repository/org/slf4j/jul-to-slf4j/2.0.12/jul-to-slf4j-2.0.12.jar:/home/lenovo/.m2/repository/jakarta/annotation/jakarta.annotation-api/2.1.1/jakarta.annotation-api-2.1.1.jar:/home/lenovo/.m2/repository/org/yaml/snakeyaml/2.2/snakeyaml-2.2.jar:/home/lenovo/.m2/repository/org/springframework/boot/spring-boot-starter-json/3.2.3/spring-boot-starter-json-3.2.3.jar:/home/lenovo/.m2/repository/com/fasterxml/jackson/datatype/jackson-datatype-jdk8/2.15.4/jackson-datatype-jdk8-2.15.4.jar:/home/lenovo/.m2/repository/com/fasterxml/jackson/datatype/jackson-datatype-jsr310/2.15.4/jackson-datatype-jsr310-2.15.4.jar:/home/lenovo/.m2/repository/com/fasterxml/jackson/module/jackson-module-parameter-names/2.15.4/jackson-module-parameter-names-2.15.4.jar:/home/lenovo/.m2/repository/org/springframework/boot/spring-boot-starter-tomcat/3.2.3/spring-boot-starter-tomcat-3.2.3.jar:/home/lenovo/.m2/repository/org/apache/tomcat/embed/tomcat-embed-core/10.1.19/tomcat-embed-core-10.1.19.jar:/home/lenovo/.m2/repository/org/apache/tomcat/embed/tomcat-embed-websocket/10.1.19/tomcat-embed-websocket-10.1.19.jar:/home/lenovo/.m2/repository/org/springframework/spring-web/6.1.4/spring-web-6.1.4.jar:/home/lenovo/.m2/repository/io/micrometer/micrometer-observation/1.12.3/micrometer-observation-1.12.3.jar:/home/lenovo/.m2/repository/io/micrometer/micrometer-commons/1.12.3/micrometer-commons-1.12.3.jar:/home/lenovo/.m2/repository/org/springframework/spring-webmvc/6.1.4/spring-webmvc-6.1.4.jar:/home/lenovo/.m2/repository/org/springframework/spring-expression/6.1.4/spring-expression-6.1.4.jar:/home/lenovo/.m2/repository/org/springframework/boot/spring-boot-starter-data-jpa/3.2.3/spring-boot-starter-data-jpa-3.2.3.jar:/home/lenovo/.m2/repository/org/springframework/boot/spring-boot-starter-aop/3.2.3/spring-boot-starter-aop-3.2.3.jar:/home/lenovo/.m2/repository/org/aspectj/aspectjweaver/1.9.21/aspectjweaver-1.9.21.jar:/home/lenovo/.m2/repository/org/springframework/boot/spring-boot-starter-jdbc/3.2.3/spring-boot-starter-jdbc-3.2.3.jar:/home/lenovo/.m2/repository/com/zaxxer/HikariCP/5.0.1/HikariCP-5.0.1.jar:/home/lenovo/.m2/repository/org/springframework/spring-jdbc/6.1.4/spring-jdbc-6.1.4.jar:/home/lenovo/.m2/repository/org/hibernate/orm/hibernate-core/6.4.4.Final/hibernate-core-6.4.4.Final.jar:/home/lenovo/.m2/repository/jakarta/persistence/jakarta.persistence-api/3.1.0/jakarta.persistence-api-3.1.0.jar:/home/lenovo/.m2/repository/jakarta/transaction/jakarta.transaction-api/2.0.1/jakarta.transaction-api-2.0.1.jar:/home/lenovo/.m2/repository/org/jboss/logging/jboss-logging/3.5.3.Final/jboss-logging-3.5.3.Final.jar:/home/lenovo/.m2/repository/org/hibernate/common/hibernate-commons-annotations/6.0.6.Final/hibernate-commons-annotations-6.0.6.Final.jar:/home/lenovo/.m2/repository/io/smallrye/jandex/3.1.2/jandex-3.1.2.jar:/home/lenovo/.m2/repository/net/bytebuddy/byte-buddy/1.14.12/byte-buddy-1.14.12.jar:/home/lenovo/.m2/repository/org/glassfish/jaxb/jaxb-runtime/4.0.4/jaxb-runtime-4.0.4.jar:/home/lenovo/.m2/repository/org/glassfish/jaxb/jaxb-core/4.0.4/jaxb-core-4.0.4.jar:/home/lenovo/.m2/repository/org/eclipse/angus/angus-activation/2.0.1/angus-activation-2.0.1.jar:/home/lenovo/.m2/repository/org/glassfish/jaxb/txw2/4.0.4/txw2-4.0.4.jar:/home/lenovo/.m2/repository/com/sun/istack/istack-commons-runtime/4.1.2/istack-commons-runtime-4.1.2.jar:/home/lenovo/.m2/repository/jakarta/inject/jakarta.inject-api/2.0.1/jakarta.inject-api-2.0.1.jar:/home/lenovo/.m2/repository/org/antlr/antlr4-runtime/4.13.0/antlr4-runtime-4.13.0.jar:/home/lenovo/.m2/repository/org/springframework/data/spring-data-jpa/3.2.3/spring-data-jpa-3.2.3.jar:/home/lenovo/.m2/repository/org/springframework/data/spring-data-commons/3.2.3/spring-data-commons-3.2.3.jar:/home/lenovo/.m2/repository/org/springframework/spring-orm/6.1.4/spring-orm-6.1.4.jar:/home/lenovo/.m2/repository/org/springframework/spring-tx/6.1.4/spring-tx-6.1.4.jar:/home/lenovo/.m2/repository/org/springframework/spring-aspects/6.1.4/spring-aspects-6.1.4.jar:/home/lenovo/.m2/repository/org/springframework/boot/spring-boot-starter-security/3.2.3/spring-boot-starter-security-3.2.3.jar:/home/lenovo/.m2/repository/org/springframework/spring-aop/6.1.4/spring-aop-6.1.4.jar:/home/lenovo/.m2/repository/org/springframework/security/spring-security-config/6.2.2/spring-security-config-6.2.2.jar:/home/lenovo/.m2/repository/org/springframework/security/spring-security-web/6.2.2/spring-security-web-6.2.2.jar:/home/lenovo/.m2/repository/org/springframework/boot/spring-boot-starter-validation/3.2.3/spring-boot-starter-validation-3.2.3.jar:/home/lenovo/.m2/repository/org/apache/tomcat/embed/tomcat-embed-el/10.1.19/tomcat-embed-el-10.1.19.jar:/home/lenovo/.m2/repository/org/hibernate/validator/hibernate-validator/8.0.1.Final/hibernate-validator-8.0.1.Final.jar:/home/lenovo/.m2/repository/jakarta/validation/jakarta.validation-api/3.0.2/jakarta.validation-api-3.0.2.jar:/home/lenovo/.m2/repository/com/mysql/mysql-connector-j/8.3.0/mysql-connector-j-8.3.0.jar:/home/lenovo/.m2/repository/io/jsonwebtoken/jjwt-api/0.11.5/jjwt-api-0.11.5.jar:/home/lenovo/.m2/repository/io/jsonwebtoken/jjwt-impl/0.11.5/jjwt-impl-0.11.5.jar:/home/lenovo/.m2/repository/io/jsonwebtoken/jjwt-jackson/0.11.5/jjwt-jackson-0.11.5.jar:/home/lenovo/.m2/repository/com/fasterxml/jackson/core/jackson-databind/2.15.4/jackson-databind-2.15.4.jar:/home/lenovo/.m2/repository/com/fasterxml/jackson/core/jackson-annotations/2.15.4/jackson-annotations-2.15.4.jar:/home/lenovo/.m2/repository/com/fasterxml/jackson/core/jackson-core/2.15.4/jackson-core-2.15.4.jar:/home/lenovo/.m2/repository/org/projectlombok/lombok/1.18.30/lombok-1.18.30.jar:/home/lenovo/.m2/repository/org/springframework/boot/spring-boot-starter-test/3.2.3/spring-boot-starter-test-3.2.3.jar:/home/lenovo/.m2/repository/org/springframework/boot/spring-boot-test/3.2.3/spring-boot-test-3.2.3.jar:/home/lenovo/.m2/repository/org/springframework/boot/spring-boot-test-autoconfigure/3.2.3/spring-boot-test-autoconfigure-3.2.3.jar:/home/lenovo/.m2/repository/com/jayway/jsonpath/json-path/2.9.0/json-path-2.9.0.jar:/home/lenovo/.m2/repository/jakarta/xml/bind/jakarta.xml.bind-api/4.0.1/jakarta.xml.bind-api-4.0.1.jar:/home/lenovo/.m2/repository/jakarta/activation/jakarta.activation-api/2.1.2/jakarta.activation-api-2.1.2.jar:/home/lenovo/.m2/repository/net/minidev/json-smart/2.5.0/json-smart-2.5.0.jar:/home/lenovo/.m2/repository/net/minidev/accessors-smart/2.5.0/accessors-smart-2.5.0.jar:/home/lenovo/.m2/repository/org/ow2/asm/asm/9.3/asm-9.3.jar:/home/lenovo/.m2/repository/org/assertj/assertj-core/3.24.2/assertj-core-3.24.2.jar:/home/lenovo/.m2/repository/org/awaitility/awaitility/4.2.0/awaitility-4.2.0.jar:/home/lenovo/.m2/repository/org/hamcrest/hamcrest/2.2/hamcrest-2.2.jar:/home/lenovo/.m2/repository/org/junit/jupiter/junit-jupiter/5.10.2/junit-jupiter-5.10.2.jar:/home/lenovo/.m2/repository/org/junit/jupiter/junit-jupiter-api/5.10.2/junit-jupiter-api-5.10.2.jar:/home/lenovo/.m2/repository/org/opentest4j/opentest4j/1.3.0/opentest4j-1.3.0.jar:/home/lenovo/.m2/repository/org/junit/platform/junit-platform-commons/1.10.2/junit-platform-commons-1.10.2.jar:/home/lenovo/.m2/repository/org/apiguardian/apiguardian-api/1.1.2/apiguardian-api-1.1.2.jar:/home/lenovo/.m2/repository/org/junit/jupiter/junit-jupiter-params/5.10.2/junit-jupiter-params-5.10.2.jar:/home/lenovo/.m2/repository/org/junit/jupiter/junit-jupiter-engine/5.10.2/junit-jupiter-engine-5.10.2.jar:/home/lenovo/.m2/repository/org/junit/platform/junit-platform-engine/1.10.2/junit-platform-engine-1.10.2.jar:/home/lenovo/.m2/repository/org/mockito/mockito-core/5.7.0/mockito-core-5.7.0.jar:/home/lenovo/.m2/repository/net/bytebuddy/byte-buddy-agent/1.14.12/byte-buddy-agent-1.14.12.jar:/home/lenovo/.m2/repository/org/objenesis/objenesis/3.3/objenesis-3.3.jar:/home/lenovo/.m2/repository/org/mockito/mockito-junit-jupiter/5.7.0/mockito-junit-jupiter-5.7.0.jar:/home/lenovo/.m2/repository/org/skyscreamer/jsonassert/1.5.1/jsonassert-1.5.1.jar:/home/lenovo/.m2/repository/com/vaadin/external/google/android-json/0.0.20131108.vaadin1/android-json-0.0.20131108.vaadin1.jar:/home/lenovo/.m2/repository/org/springframework/spring-core/6.1.4/spring-core-6.1.4.jar:/home/lenovo/.m2/repository/org/springframework/spring-jcl/6.1.4/spring-jcl-6.1.4.jar:/home/lenovo/.m2/repository/org/springframework/spring-test/6.1.4/spring-test-6.1.4.jar:/home/lenovo/.m2/repository/org/xmlunit/xmlunit-core/2.9.1/xmlunit-core-2.9.1.jar:/home/lenovo/.m2/repository/org/springframework/security/spring-security-test/6.2.2/spring-security-test-6.2.2.jar:/home/lenovo/.m2/repository/org/springframework/security/spring-security-core/6.2.2/spring-security-core-6.2.2.jar:/home/lenovo/.m2/repository/org/springframework/security/spring-security-crypto/6.2.2/spring-security-crypto-6.2.2.jar:/home/lenovo/.m2/repository/com/h2database/h2/2.2.224/h2-2.2.224.jar:"/>
    <property name="sun.cpu.endian" value="little"/>
    <property name="user.home" value="/home/lenovo"/>
    <property name="user.language" value="en"/>
    <property name="java.specification.vendor" value="Oracle Corporation"/>
    <property name="java.version.date" value="2025-04-15"/>
    <property name="java.home" value="/usr/lib/jvm/java-17-openjdk-amd64"/>
    <property name="file.separator" value="/"/>
    <property name="basedir" value="/home/lenovo/SPE_HeartAttack/backend"/>
    <property name="java.vm.compressedOopsMode" value="Zero based"/>
    <property name="line.separator" value="&#10;"/>
    <property name="java.specification.name" value="Java Platform API Specification"/>
    <property name="java.vm.specification.vendor" value="Oracle Corporation"/>
    <property name="FILE_LOG_CHARSET" value="UTF-8"/>
    <property name="java.awt.headless" value="true"/>
    <property name="surefire.real.class.path" value="/home/lenovo/SPE_HeartAttack/backend/target/surefire/surefirebooter-20250517170937704_3.jar"/>
    <property name="sun.management.compiler" value="HotSpot 64-Bit Tiered Compilers"/>
    <property name="java.runtime.version" value="17.0.15+6-Ubuntu-0ubuntu124.04"/>
    <property name="user.name" value="lenovo"/>
    <property name="path.separator" value=":"/>
    <property name="os.version" value="6.11.0-25-generic"/>
    <property name="java.runtime.name" value="OpenJDK Runtime Environment"/>
    <property name="file.encoding" value="UTF-8"/>
    <property name="java.vm.name" value="OpenJDK 64-Bit Server VM"/>
    <property name="localRepository" value="/home/lenovo/.m2/repository"/>
    <property name="java.vendor.url.bug" value="https://bugs.launchpad.net/ubuntu/+source/openjdk-17"/>
    <property name="java.io.tmpdir" value="/tmp"/>
    <property name="java.version" value="17.0.15"/>
    <property name="user.dir" value="/home/lenovo/SPE_HeartAttack/backend"/>
    <property name="os.arch" value="amd64"/>
    <property name="java.vm.specification.name" value="Java Virtual Machine Specification"/>
    <property name="PID" value="133890"/>
    <property name="CONSOLE_LOG_CHARSET" value="UTF-8"/>
    <property name="native.encoding" value="UTF-8"/>
    <property name="java.library.path" value="/tmp/.mount_CursorRo4mwl/usr/lib/:/tmp/.mount_CursorRo4mwl/usr/lib32/:/tmp/.mount_CursorRo4mwl/usr/lib64/:/tmp/.mount_CursorRo4mwl/lib/:/tmp/.mount_CursorRo4mwl/lib/i386-linux-gnu/:/tmp/.mount_CursorRo4mwl/lib/x86_64-linux-gnu/:/tmp/.mount_CursorRo4mwl/lib/aarch64-linux-gnu/:/tmp/.mount_CursorRo4mwl/lib32/:/tmp/.mount_CursorRo4mwl/lib64/::/usr/java/packages/lib:/usr/lib/x86_64-linux-gnu/jni:/lib/x86_64-linux-gnu:/usr/lib/x86_64-linux-gnu:/usr/lib/jni:/lib:/usr/lib"/>
    <property name="java.vm.info" value="mixed mode, sharing"/>
    <property name="java.vendor" value="Ubuntu"/>
    <property name="java.vm.version" value="17.0.15+6-Ubuntu-0ubuntu124.04"/>
    <property name="java.specification.maintenance.version" value="1"/>
    <property name="sun.io.unicode.encoding" value="UnicodeLittle"/>
    <property name="java.class.version" value="61.0"/>
  </properties>
  <testcase name="registerSuccess" classname="com.hospital.controller.AuthControllerTest" time="0.646">
    <system-out><![CDATA[17:09:38.717 [main] INFO org.springframework.test.context.support.AnnotationConfigContextLoaderUtils -- Could not detect default configuration classes for test class [com.hospital.controller.AuthControllerTest]: AuthControllerTest does not declare any static, non-private, non-final, nested classes annotated with @Configuration.
17:09:38.955 [main] INFO org.springframework.boot.test.context.SpringBootTestContextBootstrapper -- Found @SpringBootConfiguration com.hospital.HospitalManagementApplication for test class com.hospital.controller.AuthControllerTest

  .   ____          _            __ _ _
 /\\ / ___'_ __ _ _(_)_ __  __ _ \ \ \ \
( ( )\___ | '_ | '_| | '_ \/ _` | \ \ \ \
 \\/  ___)| |_)| | | | | || (_| |  ) ) ) )
  '  |____| .__|_| |_|_| |_\__, | / / / /
 =========|_|==============|___/=/_/_/_/
 :: Spring Boot ::                (v3.2.3)

2025-05-17T17:09:39.531+05:30  INFO 133890 --- [           main] c.h.controller.AuthControllerTest        : Starting AuthControllerTest using Java 17.0.15 with PID 133890 (started by lenovo in /home/lenovo/SPE_HeartAttack/backend)
2025-05-17T17:09:39.533+05:30  INFO 133890 --- [           main] c.h.controller.AuthControllerTest        : No active profile set, falling back to 1 default profile: "default"
2025-05-17T17:09:39.556+05:30 DEBUG 133890 --- [           main] o.s.w.c.s.GenericWebApplicationContext   : Refreshing org.springframework.web.context.support.GenericWebApplicationContext@199e4c2b
2025-05-17T17:09:42.552+05:30 DEBUG 133890 --- [           main] s.w.s.m.m.a.RequestMappingHandlerMapping : 4 mappings in 'requestMappingHandlerMapping'
2025-05-17T17:09:42.710+05:30 DEBUG 133890 --- [           main] o.s.w.s.handler.SimpleUrlHandlerMapping  : Patterns [/webjars/**, /**] in 'resourceHandlerMapping'
2025-05-17T17:09:42.803+05:30  INFO 133890 --- [           main] o.s.s.web.DefaultSecurityFilterChain     : Will secure any request with [org.springframework.security.web.session.DisableEncodeUrlFilter@7254838, org.springframework.security.web.context.request.async.WebAsyncManagerIntegrationFilter@39374689, org.springframework.security.web.context.SecurityContextHolderFilter@134d7ffa, org.springframework.security.web.header.HeaderWriterFilter@6dd20ec9, org.springframework.web.filter.CorsFilter@2e204155, org.springframework.security.web.authentication.logout.LogoutFilter@7645e64, org.springframework.security.web.savedrequest.RequestCacheAwareFilter@24405466, org.springframework.security.web.servletapi.SecurityContextHolderAwareRequestFilter@35010a6b, org.springframework.security.web.authentication.AnonymousAuthenticationFilter@27dc335a, org.springframework.security.web.access.ExceptionTranslationFilter@399af6dc, org.springframework.security.web.access.intercept.AuthorizationFilter@42ff9a77]
2025-05-17T17:09:42.833+05:30  INFO 133890 --- [           main] o.s.s.web.DefaultSecurityFilterChain     : Will secure any request with [org.springframework.security.web.session.DisableEncodeUrlFilter@1c92a549, org.springframework.security.web.context.request.async.WebAsyncManagerIntegrationFilter@323e026d, org.springframework.security.web.context.SecurityContextHolderFilter@65fc8edc, org.springframework.security.web.header.HeaderWriterFilter@30af23fd, org.springframework.web.filter.CorsFilter@1716c037, org.springframework.security.web.authentication.logout.LogoutFilter@3f322610, org.springframework.security.web.savedrequest.RequestCacheAwareFilter@a357c3e, org.springframework.security.web.servletapi.SecurityContextHolderAwareRequestFilter@7740b0ab, org.springframework.security.web.authentication.AnonymousAuthenticationFilter@79b63325, org.springframework.security.web.access.ExceptionTranslationFilter@7ea07516, org.springframework.security.web.access.intercept.AuthorizationFilter@6cf047cf]
2025-05-17T17:09:43.069+05:30 DEBUG 133890 --- [           main] s.w.s.m.m.a.RequestMappingHandlerAdapter : ControllerAdvice beans: 0 @ModelAttribute, 0 @InitBinder, 1 RequestBodyAdvice, 1 ResponseBodyAdvice
2025-05-17T17:09:43.116+05:30 DEBUG 133890 --- [           main] .m.m.a.ExceptionHandlerExceptionResolver : ControllerAdvice beans: 1 @ExceptionHandler, 1 ResponseBodyAdvice
2025-05-17T17:09:43.277+05:30  INFO 133890 --- [           main] o.s.b.t.m.w.SpringBootMockServletContext : Initializing Spring TestDispatcherServlet ''
2025-05-17T17:09:43.277+05:30  INFO 133890 --- [           main] o.s.t.web.servlet.TestDispatcherServlet  : Initializing Servlet ''
2025-05-17T17:09:43.280+05:30  INFO 133890 --- [           main] o.s.t.web.servlet.TestDispatcherServlet  : Completed initialization in 2 ms
2025-05-17T17:09:43.333+05:30  INFO 133890 --- [           main] c.h.controller.AuthControllerTest        : Started AuthControllerTest in 4.28 seconds (process running for 5.553)
2025-05-17T17:09:43.478+05:30 DEBUG 133890 --- [           main] o.s.security.web.FilterChainProxy        : Securing POST /api/auth/register
2025-05-17T17:09:43.487+05:30 DEBUG 133890 --- [           main] o.s.security.web.FilterChainProxy        : Secured POST /api/auth/register
2025-05-17T17:09:43.492+05:30 DEBUG 133890 --- [           main] s.w.s.m.m.a.RequestMappingHandlerMapping : Mapped to com.hospital.controller.AuthController#register(RegisterRequest)
2025-05-17T17:09:43.579+05:30 DEBUG 133890 --- [           main] m.m.a.RequestResponseBodyMethodProcessor : Read "application/json;charset=UTF-8" to [RegisterRequest(username=testuser, firstName=Test, lastName=User, email=test@example.com, password=T (truncated)...]
2025-05-17T17:09:43.899+05:30 DEBUG 133890 --- [           main] o.s.w.s.m.m.a.HttpEntityMethodProcessor  : Using 'application/json', given [*/*] and supported [application/json, application/*+json]
2025-05-17T17:09:43.901+05:30 DEBUG 133890 --- [           main] o.s.w.s.m.m.a.HttpEntityMethodProcessor  : Writing [JwtAuthResponse(token=dummy.jwt.token, tokenType=Bearer, username=testuser, email=test@example.com,  (truncated)...]
2025-05-17T17:09:43.914+05:30 DEBUG 133890 --- [           main] o.s.s.w.a.AnonymousAuthenticationFilter  : Set SecurityContextHolder to anonymous SecurityContext
]]></system-out>
  </testcase>
  <testcase name="registerWithExistingEmail" classname="com.hospital.controller.AuthControllerTest" time="0.036">
    <system-out><![CDATA[2025-05-17T17:09:44.007+05:30 DEBUG 133890 --- [           main] o.s.security.web.FilterChainProxy        : Securing POST /api/auth/register
2025-05-17T17:09:44.007+05:30 DEBUG 133890 --- [           main] o.s.security.web.FilterChainProxy        : Secured POST /api/auth/register
2025-05-17T17:09:44.008+05:30 DEBUG 133890 --- [           main] s.w.s.m.m.a.RequestMappingHandlerMapping : Mapped to com.hospital.controller.AuthController#register(RegisterRequest)
2025-05-17T17:09:44.009+05:30 DEBUG 133890 --- [           main] m.m.a.RequestResponseBodyMethodProcessor : Read "application/json;charset=UTF-8" to [RegisterRequest(username=testuser, firstName=Test, lastName=User, email=test@example.com, password=T (truncated)...]
2025-05-17T17:09:44.013+05:30 DEBUG 133890 --- [           main] .m.m.a.ExceptionHandlerExceptionResolver : Using @ExceptionHandler com.hospital.exception.GlobalExceptionHandler#handleIllegalArgumentException(IllegalArgumentException, HttpServletRequest)
2025-05-17T17:09:44.023+05:30 DEBUG 133890 --- [           main] o.s.w.s.m.m.a.HttpEntityMethodProcessor  : Using 'application/json', given [*/*] and supported [application/json, application/*+json]
2025-05-17T17:09:44.029+05:30 DEBUG 133890 --- [           main] o.s.w.s.m.m.a.HttpEntityMethodProcessor  : Writing [ErrorResponse(timestamp=2025-05-17T17:09:44.014674354, status=400, error=Bad Request, message=Email  (truncated)...]
2025-05-17T17:09:44.030+05:30 DEBUG 133890 --- [           main] .m.m.a.ExceptionHandlerExceptionResolver : Resolved [java.lang.IllegalArgumentException: Email already exists]
2025-05-17T17:09:44.030+05:30 DEBUG 133890 --- [           main] o.s.s.w.a.AnonymousAuthenticationFilter  : Set SecurityContextHolder to anonymous SecurityContext
]]></system-out>
  </testcase>
  <testcase name="loginWithInvalidCredentials" classname="com.hospital.controller.AuthControllerTest" time="0.023">
    <system-out><![CDATA[2025-05-17T17:09:44.044+05:30 DEBUG 133890 --- [           main] o.s.security.web.FilterChainProxy        : Securing POST /api/auth/login
2025-05-17T17:09:44.045+05:30 DEBUG 133890 --- [           main] o.s.security.web.FilterChainProxy        : Secured POST /api/auth/login
2025-05-17T17:09:44.045+05:30 DEBUG 133890 --- [           main] s.w.s.m.m.a.RequestMappingHandlerMapping : Mapped to com.hospital.controller.AuthController#login(LoginRequest)
2025-05-17T17:09:44.048+05:30 DEBUG 133890 --- [           main] m.m.a.RequestResponseBodyMethodProcessor : Read "application/json;charset=UTF-8" to [LoginRequest(email=test@example.com, password=password123, role=PATIENT)]
2025-05-17T17:09:44.057+05:30 DEBUG 133890 --- [           main] .m.m.a.ExceptionHandlerExceptionResolver : Using @ExceptionHandler com.hospital.exception.GlobalExceptionHandler#handleBadCredentialsException(BadCredentialsException, HttpServletRequest)
2025-05-17T17:09:44.058+05:30 DEBUG 133890 --- [           main] o.s.w.s.m.m.a.HttpEntityMethodProcessor  : Using 'application/json', given [*/*] and supported [application/json, application/*+json]
2025-05-17T17:09:44.058+05:30 DEBUG 133890 --- [           main] o.s.w.s.m.m.a.HttpEntityMethodProcessor  : Writing [ErrorResponse(timestamp=2025-05-17T17:09:44.057675302, status=401, error=Unauthorized, message=Inval (truncated)...]
2025-05-17T17:09:44.059+05:30 DEBUG 133890 --- [           main] .m.m.a.ExceptionHandlerExceptionResolver : Resolved [org.springframework.security.authentication.BadCredentialsException: Invalid credentials]
2025-05-17T17:09:44.059+05:30 DEBUG 133890 --- [           main] o.s.s.w.a.AnonymousAuthenticationFilter  : Set SecurityContextHolder to anonymous SecurityContext
]]></system-out>
  </testcase>
  <testcase name="loginWithEmptyPassword" classname="com.hospital.controller.AuthControllerTest" time="0.03">
    <system-out><![CDATA[2025-05-17T17:09:44.070+05:30 DEBUG 133890 --- [           main] o.s.security.web.FilterChainProxy        : Securing POST /api/auth/login
2025-05-17T17:09:44.071+05:30 DEBUG 133890 --- [           main] o.s.security.web.FilterChainProxy        : Secured POST /api/auth/login
2025-05-17T17:09:44.071+05:30 DEBUG 133890 --- [           main] s.w.s.m.m.a.RequestMappingHandlerMapping : Mapped to com.hospital.controller.AuthController#login(LoginRequest)
2025-05-17T17:09:44.073+05:30 DEBUG 133890 --- [           main] m.m.a.RequestResponseBodyMethodProcessor : Read "application/json;charset=UTF-8" to [LoginRequest(email=test@example.com, password=, role=PATIENT)]
2025-05-17T17:09:44.083+05:30 DEBUG 133890 --- [           main] .m.m.a.ExceptionHandlerExceptionResolver : Using @ExceptionHandler com.hospital.exception.GlobalExceptionHandler#handleValidationException(MethodArgumentNotValidException, HttpServletRequest)
2025-05-17T17:09:44.085+05:30 DEBUG 133890 --- [           main] o.s.w.s.m.m.a.HttpEntityMethodProcessor  : Using 'application/json', given [*/*] and supported [application/json, application/*+json]
2025-05-17T17:09:44.086+05:30 DEBUG 133890 --- [           main] o.s.w.s.m.m.a.HttpEntityMethodProcessor  : Writing [ErrorResponse(timestamp=2025-05-17T17:09:44.084116394, status=400, error=Bad Request, message=Valida (truncated)...]
2025-05-17T17:09:44.091+05:30 DEBUG 133890 --- [           main] .m.m.a.ExceptionHandlerExceptionResolver : Resolved [org.springframework.web.bind.MethodArgumentNotValidException: Validation failed for argument [0] in public org.springframework.http.ResponseEntity<com.hospital.dto.JwtAuthResponse> com.hospital.controller.AuthController.login(com.hospital.dto.LoginRequest): [Field error in object 'loginRequest' on field 'password': rejected value []; codes [NotBlank.loginRequest.password,NotBlank.password,NotBlank.java.lang.String,NotBlank]; arguments [org.springframework.context.support.DefaultMessageSourceResolvable: codes [loginRequest.password,password]; arguments []; default message [password]]; default message [Password is required]] ]
2025-05-17T17:09:44.091+05:30 DEBUG 133890 --- [           main] o.s.s.w.a.AnonymousAuthenticationFilter  : Set SecurityContextHolder to anonymous SecurityContext
]]></system-out>
  </testcase>
  <testcase name="registerWithInvalidData" classname="com.hospital.controller.AuthControllerTest" time="0.019">
    <system-out><![CDATA[2025-05-17T17:09:44.102+05:30 DEBUG 133890 --- [           main] o.s.security.web.FilterChainProxy        : Securing POST /api/auth/register
2025-05-17T17:09:44.102+05:30 DEBUG 133890 --- [           main] o.s.security.web.FilterChainProxy        : Secured POST /api/auth/register
2025-05-17T17:09:44.103+05:30 DEBUG 133890 --- [           main] s.w.s.m.m.a.RequestMappingHandlerMapping : Mapped to com.hospital.controller.AuthController#register(RegisterRequest)
2025-05-17T17:09:44.105+05:30 DEBUG 133890 --- [           main] m.m.a.RequestResponseBodyMethodProcessor : Read "application/json;charset=UTF-8" to [RegisterRequest(username=testuser, firstName=Test, lastName=User, email=, password=, role=PATIENT, s (truncated)...]
2025-05-17T17:09:44.109+05:30 DEBUG 133890 --- [           main] .m.m.a.ExceptionHandlerExceptionResolver : Using @ExceptionHandler com.hospital.exception.GlobalExceptionHandler#handleValidationException(MethodArgumentNotValidException, HttpServletRequest)
2025-05-17T17:09:44.110+05:30 DEBUG 133890 --- [           main] o.s.w.s.m.m.a.HttpEntityMethodProcessor  : Using 'application/json', given [*/*] and supported [application/json, application/*+json]
2025-05-17T17:09:44.110+05:30 DEBUG 133890 --- [           main] o.s.w.s.m.m.a.HttpEntityMethodProcessor  : Writing [ErrorResponse(timestamp=2025-05-17T17:09:44.110048764, status=400, error=Bad Request, message=Valida (truncated)...]
2025-05-17T17:09:44.112+05:30 DEBUG 133890 --- [           main] .m.m.a.ExceptionHandlerExceptionResolver : Resolved [org.springframework.web.bind.MethodArgumentNotValidException: Validation failed for argument [0] in public org.springframework.http.ResponseEntity<com.hospital.dto.JwtAuthResponse> com.hospital.controller.AuthController.register(com.hospital.dto.RegisterRequest) with 3 errors: [Field error in object 'registerRequest' on field 'password': rejected value []; codes [Pattern.registerRequest.password,Pattern.password,Pattern.java.lang.String,Pattern]; arguments [org.springframework.context.support.DefaultMessageSourceResolvable: codes [registerRequest.password,password]; arguments []; default message [password],[Ljakarta.validation.constraints.Pattern$Flag;@73a116d,^(?=.*[0-9])(?=.*[a-z])(?=.*[A-Z])(?=.*[@#$%^&+=])(?=\S+$).{8,}$]; default message [Password must be at least 8 characters long and contain at least one digit, one uppercase letter, one lowercase letter, and one special character]] [Field error in object 'registerRequest' on field 'email': rejected value []; codes [NotBlank.registerRequest.email,NotBlank.email,NotBlank.java.lang.String,NotBlank]; arguments [org.springframework.context.support.DefaultMessageSourceResolvable: codes [registerRequest.email,email]; arguments []; default message [email]]; default message [Email is required]] [Field error in object 'registerRequest' on field 'password': rejected value []; codes [NotBlank.registerRequest.password,NotBlank.password,NotBlank.java.lang.String,NotBlank]; arguments [org.springframework.context.support.DefaultMessageSourceResolvable: codes [registerRequest.password,password]; arguments []; default message [password]]; default message [Password is required]] ]
2025-05-17T17:09:44.112+05:30 DEBUG 133890 --- [           main] o.s.s.w.a.AnonymousAuthenticationFilter  : Set SecurityContextHolder to anonymous SecurityContext
]]></system-out>
  </testcase>
  <testcase name="loginSuccess" classname="com.hospital.controller.AuthControllerTest" time="0.016">
    <system-out><![CDATA[2025-05-17T17:09:44.125+05:30 DEBUG 133890 --- [           main] o.s.security.web.FilterChainProxy        : Securing POST /api/auth/login
2025-05-17T17:09:44.126+05:30 DEBUG 133890 --- [           main] o.s.security.web.FilterChainProxy        : Secured POST /api/auth/login
2025-05-17T17:09:44.126+05:30 DEBUG 133890 --- [           main] s.w.s.m.m.a.RequestMappingHandlerMapping : Mapped to com.hospital.controller.AuthController#login(LoginRequest)
2025-05-17T17:09:44.127+05:30 DEBUG 133890 --- [           main] m.m.a.RequestResponseBodyMethodProcessor : Read "application/json;charset=UTF-8" to [LoginRequest(email=test@example.com, password=password123, role=PATIENT)]
2025-05-17T17:09:44.129+05:30 DEBUG 133890 --- [           main] o.s.w.s.m.m.a.HttpEntityMethodProcessor  : Using 'application/json', given [*/*] and supported [application/json, application/*+json]
2025-05-17T17:09:44.129+05:30 DEBUG 133890 --- [           main] o.s.w.s.m.m.a.HttpEntityMethodProcessor  : Writing [JwtAuthResponse(token=dummy.jwt.token, tokenType=Bearer, username=testuser, email=test@example.com,  (truncated)...]
2025-05-17T17:09:44.130+05:30 DEBUG 133890 --- [           main] o.s.s.w.a.AnonymousAuthenticationFilter  : Set SecurityContextHolder to anonymous SecurityContext
]]></system-out>
  </testcase>
</testsuite>